<?xml version="1.0" encoding="UTF-8"?>
<testng-results skipped="0" failed="0" ignored="0" total="1" passed="1">
  <reporter-output>
  </reporter-output>
  <suite name="Default suite" duration-ms="65391" started-at="2021-10-06T04:44:43Z" finished-at="2021-10-06T04:45:49Z">
    <groups>
    </groups>
    <test name="Default test" duration-ms="65391" started-at="2021-10-06T04:44:43Z" finished-at="2021-10-06T04:45:49Z">
      <class name="sampletest.SampleTest">
        <test-method status="PASS" signature="loginTest()[pri:0, instance:sampletest.SampleTest@68c4039c]" name="loginTest" duration-ms="65288" started-at="2021-10-06T04:44:43Z" finished-at="2021-10-06T04:45:49Z">
          <reporter-output>
          </reporter-output>
        </test-method> <!-- loginTest -->
      </class> <!-- sampletest.SampleTest -->
    </test> <!-- Default test -->
  </suite> <!-- Default suite -->
</testng-results>
